<?xml version="1.0" encoding="UTF-8"?>
<!-- Generated by org.testng.reporters.JUnitXMLReporter -->
<testsuite ignored="4" hostname="ENCOPDBANLT0031" failures="0" tests="1" name="Default test" time="1.717" errors="0" timestamp="2021-07-09T11:49:06 IST">
  <testcase classname="com.rest.api.Testclass" name="getrequestbydoc" time="1.694"/>
  <testcase classname="com.rest.api.Testclass" name="postdata" time="0.0">
    <ignored/>
  </testcase> <!-- postdata -->
  <testcase classname="com.rest.api.Testclass" name="get1" time="0.0">
    <ignored/>
  </testcase> <!-- get1 -->
  <testcase classname="com.rest.api.Testclass" name="deletereq" time="0.0">
    <ignored/>
  </testcase> <!-- deletereq -->
  <testcase classname="com.rest.api.Testclass" name="putrequest" time="0.0">
    <ignored/>
  </testcase> <!-- putrequest -->
</testsuite> <!-- Default test -->
