<?xml version="1.0" encoding="UTF-8"?>
<testng-results ignored="4" total="5" passed="1" failed="0" skipped="0">
  <reporter-output>
  </reporter-output>
  <suite started-at="2021-07-09T11:49:04 IST" name="Default suite" finished-at="2021-07-09T11:49:06 IST" duration-ms="1717">
    <groups>
    </groups>
    <test started-at="2021-07-09T11:49:04 IST" name="Default test" finished-at="2021-07-09T11:49:06 IST" duration-ms="1717">
      <class name="com.rest.api.Testclass">
        <test-method signature="getrequestbydoc()[pri:0, instance:com.rest.api.Testclass@68e965f5]" started-at="2021-07-09T11:49:04 IST" name="getrequestbydoc" finished-at="2021-07-09T11:49:06 IST" duration-ms="1694" status="PASS">
          <reporter-output>
          </reporter-output>
        </test-method> <!-- getrequestbydoc -->
      </class> <!-- com.rest.api.Testclass -->
    </test> <!-- Default test -->
  </suite> <!-- Default suite -->
</testng-results>
